<?xml version="1.0" encoding="UTF-8"?>
<!-- Generated by org.testng.reporters.JUnitXMLReporter -->
<testsuite hostname="DESKTOP-69EDOJD" ignored="0" name="Regression" tests="5" failures="0" timestamp="2020-07-15T16:06:10 IST" time="187.689" errors="0">
  <testcase name="runScenario" time="38.195" classname="io.cucumber.testng.AbstractTestNGCucumberTests"/>
  <testcase name="runScenario" time="58.744" classname="io.cucumber.testng.AbstractTestNGCucumberTests"/>
  <testcase name="runScenario" time="36.528" classname="io.cucumber.testng.AbstractTestNGCucumberTests"/>
  <testcase name="runScenario" time="25.627" classname="io.cucumber.testng.AbstractTestNGCucumberTests"/>
  <testcase name="runScenario" time="27.852" classname="io.cucumber.testng.AbstractTestNGCucumberTests"/>
</testsuite> <!-- Regression -->
